<?xml version="1.0" encoding="UTF-8"?>
<testng-results ignored="0" total="1" passed="1" failed="0" skipped="0">
  <reporter-output>
  </reporter-output>
  <suite started-at="2022-10-02T19:48:32 IST" name="Default suite" finished-at="2022-10-02T19:49:10 IST" duration-ms="38637">
    <groups>
    </groups>
    <test started-at="2022-10-02T19:48:32 IST" name="Default test" finished-at="2022-10-02T19:49:10 IST" duration-ms="38637">
      <class name="com.simplilearn.demo.facebookLogin">
        <test-method is-config="true" signature="beforeMethod()[pri:0, instance:com.simplilearn.demo.facebookLogin@2b91004a]" started-at="2022-10-02T19:48:32 IST" name="beforeMethod" finished-at="2022-10-02T19:49:02 IST" duration-ms="29914" status="PASS">
          <reporter-output>
          </reporter-output>
        </test-method> <!-- beforeMethod -->
        <test-method signature="facebook()[pri:0, instance:com.simplilearn.demo.facebookLogin@2b91004a]" started-at="2022-10-02T19:49:02 IST" name="facebook" finished-at="2022-10-02T19:49:10 IST" duration-ms="8652" status="PASS">
          <reporter-output>
          </reporter-output>
        </test-method> <!-- facebook -->
        <test-method is-config="true" signature="afterMethod()[pri:0, instance:com.simplilearn.demo.facebookLogin@2b91004a]" started-at="2022-10-02T19:49:10 IST" name="afterMethod" finished-at="2022-10-02T19:49:10 IST" duration-ms="0" status="PASS">
          <reporter-output>
          </reporter-output>
        </test-method> <!-- afterMethod -->
      </class> <!-- com.simplilearn.demo.facebookLogin -->
    </test> <!-- Default test -->
  </suite> <!-- Default suite -->
</testng-results>
